<?xml version="1.0" encoding="UTF-8"?>
<!-- Generated by org.testng.reporters.JUnitXMLReporter -->
<testsuite ignored="0" hostname="MacBook-Air-uzivatela-Miroslav.local" failures="1" tests="1" name="Test" time="0.035" errors="0" timestamp="2024-06-30T16:02:39 CEST">
  <testcase classname="test.ShoppingTest" name="addProductsToCardHappy" time="0.02">
    <failure type="java.lang.NullPointerException" message="Cannot invoke &amp;quot;io.appium.java_client.AppiumDriver.findElement(org.openqa.selenium.By)&amp;quot; because &amp;quot;this.driver&amp;quot; is null">
      <![CDATA[java.lang.NullPointerException: Cannot invoke "io.appium.java_client.AppiumDriver.findElement(org.openqa.selenium.By)" because "this.driver" is null
at PageObjects.Actions.scrollToElementAndClick(Actions.java:20)
at test.ShoppingTest.addProductsToCardHappy(ShoppingTest.java:22)
at java.base/java.util.ArrayList.forEach(ArrayList.java:1511)
... Removed 27 stack frames]]>
    </failure>
  </testcase> <!-- addProductsToCardHappy -->
</testsuite> <!-- Test -->
